***************   CODE GENERATE START   ********************
file  existence:D:\workspace\CodeGenerate\src\com\jing\system\model\dao\ConfigMapper.java
file create:D:\workspace\CodeGenerate\src\com\jing\system\model\dao\ConfigMapper.java
file  existence:D:\workspace\CodeGenerate\src\com\jing\system\model\entity\Config.java
file create:D:\workspace\CodeGenerate\src\com\jing\system\model\entity\Config.java
file  existence:D:\workspace\CodeGenerate\src\com\jing\system\model\mapper\ConfigMapper.xml
file create:D:\workspace\CodeGenerate\src\com\jing\system\model\mapper\ConfigMapper.xml
file  existence:D:\workspace\CodeGenerate\src\com\jing\system\service\ConfigService.java
file create:D:\workspace\CodeGenerate\src\com\jing\system\service\ConfigService.java
file  existence:D:\workspace\CodeGenerate\src\com\jing\system\service\impl\ConfigServiceImpl.java
file create:D:\workspace\CodeGenerate\src\com\jing\system\service\impl\ConfigServiceImpl.java
file  existence:D:\workspace\CodeGenerate\src\com\jing\system\controller\ConfigController.java
file create:D:\workspace\CodeGenerate\src\com\jing\system\controller\ConfigController.java
file  existence:D:\workspace\CodeGenerate\src\com\jing\system\model\dao\DictionaryGroupMapper.java
file create:D:\workspace\CodeGenerate\src\com\jing\system\model\dao\DictionaryGroupMapper.java
file  existence:D:\workspace\CodeGenerate\src\com\jing\system\model\entity\DictionaryGroup.java
file create:D:\workspace\CodeGenerate\src\com\jing\system\model\entity\DictionaryGroup.java
file  existence:D:\workspace\CodeGenerate\src\com\jing\system\model\mapper\DictionaryGroupMapper.xml
file create:D:\workspace\CodeGenerate\src\com\jing\system\model\mapper\DictionaryGroupMapper.xml
file  existence:D:\workspace\CodeGenerate\src\com\jing\system\service\DictionaryGroupService.java
file create:D:\workspace\CodeGenerate\src\com\jing\system\service\DictionaryGroupService.java
file  existence:D:\workspace\CodeGenerate\src\com\jing\system\service\impl\DictionaryGroupServiceImpl.java
file create:D:\workspace\CodeGenerate\src\com\jing\system\service\impl\DictionaryGroupServiceImpl.java
file  existence:D:\workspace\CodeGenerate\src\com\jing\system\controller\DictionaryGroupController.java
file create:D:\workspace\CodeGenerate\src\com\jing\system\controller\DictionaryGroupController.java
file  existence:D:\workspace\CodeGenerate\src\com\jing\system\model\dao\DictionaryMapper.java
file create:D:\workspace\CodeGenerate\src\com\jing\system\model\dao\DictionaryMapper.java
file  existence:D:\workspace\CodeGenerate\src\com\jing\system\model\entity\Dictionary.java
file create:D:\workspace\CodeGenerate\src\com\jing\system\model\entity\Dictionary.java
file  existence:D:\workspace\CodeGenerate\src\com\jing\system\model\mapper\DictionaryMapper.xml
file create:D:\workspace\CodeGenerate\src\com\jing\system\model\mapper\DictionaryMapper.xml
file  existence:D:\workspace\CodeGenerate\src\com\jing\system\service\DictionaryService.java
file create:D:\workspace\CodeGenerate\src\com\jing\system\service\DictionaryService.java
file  existence:D:\workspace\CodeGenerate\src\com\jing\system\service\impl\DictionaryServiceImpl.java
file create:D:\workspace\CodeGenerate\src\com\jing\system\service\impl\DictionaryServiceImpl.java
file  existence:D:\workspace\CodeGenerate\src\com\jing\system\controller\DictionaryController.java
file create:D:\workspace\CodeGenerate\src\com\jing\system\controller\DictionaryController.java
file  existence:D:\workspace\CodeGenerate\src\com\jing\system\model\dao\DocumentInfoMapper.java
file create:D:\workspace\CodeGenerate\src\com\jing\system\model\dao\DocumentInfoMapper.java
file  existence:D:\workspace\CodeGenerate\src\com\jing\system\model\entity\DocumentInfo.java
file create:D:\workspace\CodeGenerate\src\com\jing\system\model\entity\DocumentInfo.java
file  existence:D:\workspace\CodeGenerate\src\com\jing\system\model\mapper\DocumentInfoMapper.xml
file create:D:\workspace\CodeGenerate\src\com\jing\system\model\mapper\DocumentInfoMapper.xml
file  existence:D:\workspace\CodeGenerate\src\com\jing\system\service\DocumentInfoService.java
file create:D:\workspace\CodeGenerate\src\com\jing\system\service\DocumentInfoService.java
file  existence:D:\workspace\CodeGenerate\src\com\jing\system\service\impl\DocumentInfoServiceImpl.java
file create:D:\workspace\CodeGenerate\src\com\jing\system\service\impl\DocumentInfoServiceImpl.java
file  existence:D:\workspace\CodeGenerate\src\com\jing\system\controller\DocumentInfoController.java
file create:D:\workspace\CodeGenerate\src\com\jing\system\controller\DocumentInfoController.java
file  existence:D:\workspace\CodeGenerate\src\com\jing\system\model\dao\LogMapper.java
file create:D:\workspace\CodeGenerate\src\com\jing\system\model\dao\LogMapper.java
file  existence:D:\workspace\CodeGenerate\src\com\jing\system\model\entity\Log.java
file create:D:\workspace\CodeGenerate\src\com\jing\system\model\entity\Log.java
file  existence:D:\workspace\CodeGenerate\src\com\jing\system\model\mapper\LogMapper.xml
file create:D:\workspace\CodeGenerate\src\com\jing\system\model\mapper\LogMapper.xml
file  existence:D:\workspace\CodeGenerate\src\com\jing\system\service\LogService.java
file create:D:\workspace\CodeGenerate\src\com\jing\system\service\LogService.java
file  existence:D:\workspace\CodeGenerate\src\com\jing\system\service\impl\LogServiceImpl.java
file create:D:\workspace\CodeGenerate\src\com\jing\system\service\impl\LogServiceImpl.java
file  existence:D:\workspace\CodeGenerate\src\com\jing\system\controller\LogController.java
file create:D:\workspace\CodeGenerate\src\com\jing\system\controller\LogController.java
file  existence:D:\workspace\CodeGenerate\src\com\jing\system\model\dao\ResourceInfoMapper.java
file create:D:\workspace\CodeGenerate\src\com\jing\system\model\dao\ResourceInfoMapper.java
file  existence:D:\workspace\CodeGenerate\src\com\jing\system\model\entity\ResourceInfo.java
file create:D:\workspace\CodeGenerate\src\com\jing\system\model\entity\ResourceInfo.java
file  existence:D:\workspace\CodeGenerate\src\com\jing\system\model\mapper\ResourceInfoMapper.xml
file create:D:\workspace\CodeGenerate\src\com\jing\system\model\mapper\ResourceInfoMapper.xml
file  existence:D:\workspace\CodeGenerate\src\com\jing\system\service\ResourceInfoService.java
file create:D:\workspace\CodeGenerate\src\com\jing\system\service\ResourceInfoService.java
file  existence:D:\workspace\CodeGenerate\src\com\jing\system\service\impl\ResourceInfoServiceImpl.java
file create:D:\workspace\CodeGenerate\src\com\jing\system\service\impl\ResourceInfoServiceImpl.java
file  existence:D:\workspace\CodeGenerate\src\com\jing\system\controller\ResourceInfoController.java
file create:D:\workspace\CodeGenerate\src\com\jing\system\controller\ResourceInfoController.java
file  existence:D:\workspace\CodeGenerate\src\com\jing\system\model\dao\RoleInfoMapper.java
file create:D:\workspace\CodeGenerate\src\com\jing\system\model\dao\RoleInfoMapper.java
file  existence:D:\workspace\CodeGenerate\src\com\jing\system\model\entity\RoleInfo.java
file create:D:\workspace\CodeGenerate\src\com\jing\system\model\entity\RoleInfo.java
file  existence:D:\workspace\CodeGenerate\src\com\jing\system\model\mapper\RoleInfoMapper.xml
file create:D:\workspace\CodeGenerate\src\com\jing\system\model\mapper\RoleInfoMapper.xml
file  existence:D:\workspace\CodeGenerate\src\com\jing\system\service\RoleInfoService.java
file create:D:\workspace\CodeGenerate\src\com\jing\system\service\RoleInfoService.java
file  existence:D:\workspace\CodeGenerate\src\com\jing\system\service\impl\RoleInfoServiceImpl.java
file create:D:\workspace\CodeGenerate\src\com\jing\system\service\impl\RoleInfoServiceImpl.java
file  existence:D:\workspace\CodeGenerate\src\com\jing\system\controller\RoleInfoController.java
file create:D:\workspace\CodeGenerate\src\com\jing\system\controller\RoleInfoController.java
file  existence:D:\workspace\CodeGenerate\src\com\jing\system\model\dao\RolePermissionMapper.java
file create:D:\workspace\CodeGenerate\src\com\jing\system\model\dao\RolePermissionMapper.java
file  existence:D:\workspace\CodeGenerate\src\com\jing\system\model\entity\RolePermission.java
file create:D:\workspace\CodeGenerate\src\com\jing\system\model\entity\RolePermission.java
file  existence:D:\workspace\CodeGenerate\src\com\jing\system\model\mapper\RolePermissionMapper.xml
file create:D:\workspace\CodeGenerate\src\com\jing\system\model\mapper\RolePermissionMapper.xml
file  existence:D:\workspace\CodeGenerate\src\com\jing\system\service\RolePermissionService.java
file create:D:\workspace\CodeGenerate\src\com\jing\system\service\RolePermissionService.java
file  existence:D:\workspace\CodeGenerate\src\com\jing\system\service\impl\RolePermissionServiceImpl.java
file create:D:\workspace\CodeGenerate\src\com\jing\system\service\impl\RolePermissionServiceImpl.java
file  existence:D:\workspace\CodeGenerate\src\com\jing\system\controller\RolePermissionController.java
file create:D:\workspace\CodeGenerate\src\com\jing\system\controller\RolePermissionController.java
file  existence:D:\workspace\CodeGenerate\src\com\jing\system\model\dao\UserGroupMapper.java
file create:D:\workspace\CodeGenerate\src\com\jing\system\model\dao\UserGroupMapper.java
file  existence:D:\workspace\CodeGenerate\src\com\jing\system\model\entity\UserGroup.java
file create:D:\workspace\CodeGenerate\src\com\jing\system\model\entity\UserGroup.java
file  existence:D:\workspace\CodeGenerate\src\com\jing\system\model\mapper\UserGroupMapper.xml
file create:D:\workspace\CodeGenerate\src\com\jing\system\model\mapper\UserGroupMapper.xml
file  existence:D:\workspace\CodeGenerate\src\com\jing\system\service\UserGroupService.java
file create:D:\workspace\CodeGenerate\src\com\jing\system\service\UserGroupService.java
file  existence:D:\workspace\CodeGenerate\src\com\jing\system\service\impl\UserGroupServiceImpl.java
file create:D:\workspace\CodeGenerate\src\com\jing\system\service\impl\UserGroupServiceImpl.java
file  existence:D:\workspace\CodeGenerate\src\com\jing\system\controller\UserGroupController.java
file create:D:\workspace\CodeGenerate\src\com\jing\system\controller\UserGroupController.java
file  existence:D:\workspace\CodeGenerate\src\com\jing\system\model\dao\UserMapper.java
file create:D:\workspace\CodeGenerate\src\com\jing\system\model\dao\UserMapper.java
file  existence:D:\workspace\CodeGenerate\src\com\jing\system\model\entity\User.java
file create:D:\workspace\CodeGenerate\src\com\jing\system\model\entity\User.java
file  existence:D:\workspace\CodeGenerate\src\com\jing\system\model\mapper\UserMapper.xml
file create:D:\workspace\CodeGenerate\src\com\jing\system\model\mapper\UserMapper.xml
file  existence:D:\workspace\CodeGenerate\src\com\jing\system\service\UserService.java
file create:D:\workspace\CodeGenerate\src\com\jing\system\service\UserService.java
file  existence:D:\workspace\CodeGenerate\src\com\jing\system\service\impl\UserServiceImpl.java
file create:D:\workspace\CodeGenerate\src\com\jing\system\service\impl\UserServiceImpl.java
file  existence:D:\workspace\CodeGenerate\src\com\jing\system\controller\UserController.java
file create:D:\workspace\CodeGenerate\src\com\jing\system\controller\UserController.java
file  existence:D:\workspace\CodeGenerate\src\com\jing\system\model\dao\UserRoleMapper.java
file create:D:\workspace\CodeGenerate\src\com\jing\system\model\dao\UserRoleMapper.java
file  existence:D:\workspace\CodeGenerate\src\com\jing\system\model\entity\UserRole.java
file create:D:\workspace\CodeGenerate\src\com\jing\system\model\entity\UserRole.java
file  existence:D:\workspace\CodeGenerate\src\com\jing\system\model\mapper\UserRoleMapper.xml
file create:D:\workspace\CodeGenerate\src\com\jing\system\model\mapper\UserRoleMapper.xml
file  existence:D:\workspace\CodeGenerate\src\com\jing\system\service\UserRoleService.java
file create:D:\workspace\CodeGenerate\src\com\jing\system\service\UserRoleService.java
file  existence:D:\workspace\CodeGenerate\src\com\jing\system\service\impl\UserRoleServiceImpl.java
file create:D:\workspace\CodeGenerate\src\com\jing\system\service\impl\UserRoleServiceImpl.java
file  existence:D:\workspace\CodeGenerate\src\com\jing\system\controller\UserRoleController.java
file create:D:\workspace\CodeGenerate\src\com\jing\system\controller\UserRoleController.java
***************   CODE GENERATE OVER   ********************
